<?xml version="1.0" encoding="UTF-8"?>
<!-- Generated by org.testng.reporters.JUnitReportReporter -->
<testsuite skipped="0" hostname="DESKTOP-HEHLAT0" name="com.DeltaLoginUI" tests="27" failures="0" timestamp="29 Jun 2018 03:36:38 GMT" time="4.495" errors="0">
  <testcase name="valid_username" time="0.158" classname="com.DeltaLoginUI"/>
  <testcase name="blank_email" time="0.111" classname="com.DeltaLoginUI"/>
  <testcase name="enter_invalid_contact_number" time="0.114" classname="com.DeltaLoginUI"/>
  <testcase name="blank_first_name" time="0.120" classname="com.DeltaLoginUI"/>
  <testcase name="enter_invalid_password" time="0.079" classname="com.DeltaLoginUI"/>
  <testcase name="enter_invalid_email" time="0.084" classname="com.DeltaLoginUI"/>
  <testcase name="valid_password" time="0.120" classname="com.DeltaLoginUI"/>
  <testcase name="enter_invalid_lastname" time="0.083" classname="com.DeltaLoginUI"/>
  <testcase name="enter_invalid_username" time="0.074" classname="com.DeltaLoginUI"/>
  <testcase name="enter_invalid_username" time="0.066" classname="com.DeltaLoginUI"/>
  <testcase name="blank_username" time="0.119" classname="com.DeltaLoginUI"/>
  <testcase name="enter_invalid_confirm_password" time="0.055" classname="com.DeltaLoginUI"/>
  <testcase name="blank_lastname" time="0.129" classname="com.DeltaLoginUI"/>
  <testcase name="valid_email" time="0.109" classname="com.DeltaLoginUI"/>
  <testcase name="enter_invalid_password" time="0.122" classname="com.DeltaLoginUI"/>
  <testcase name="valid_first_name" time="0.090" classname="com.DeltaLoginUI"/>
  <testcase name="enter_invalid_lastname" time="0.104" classname="com.DeltaLoginUI"/>
  <testcase name="enter_invalid_contact_number" time="0.059" classname="com.DeltaLoginUI"/>
  <testcase name="blank_password" time="0.086" classname="com.DeltaLoginUI"/>
  <testcase name="enter_invalid_firstname" time="0.070" classname="com.DeltaLoginUI"/>
  <testcase name="blank_confirm_password" time="0.138" classname="com.DeltaLoginUI"/>
  <testcase name="valid_confirm_password" time="0.102" classname="com.DeltaLoginUI"/>
  <testcase name="enter_invalid_firstname" time="0.076" classname="com.DeltaLoginUI"/>
  <testcase name="enter_invalid_email" time="0.082" classname="com.DeltaLoginUI"/>
  <testcase name="enter_invalid_confirm_password" time="0.068" classname="com.DeltaLoginUI"/>
  <testcase name="valid_last_name" time="0.107" classname="com.DeltaLoginUI"/>
  <testcase name="create_user" time="1.970" classname="com.DeltaLoginUI"/>
</testsuite> <!-- com.DeltaLoginUI -->
