<?xml version="1.0" encoding="UTF-8"?>
<!-- Generated by org.testng.reporters.JUnitReportReporter -->
<testsuite skipped="0" hostname="DESKTOP-HEHLAT0" name="com.DeltaLoginUI" tests="27" failures="0" timestamp="28 Jun 2018 14:12:00 GMT" time="3.533" errors="0">
  <testcase name="valid_username" time="0.078" classname="com.DeltaLoginUI"/>
  <testcase name="blank_email" time="0.103" classname="com.DeltaLoginUI"/>
  <testcase name="enter_invalid_contact_number" time="0.049" classname="com.DeltaLoginUI"/>
  <testcase name="blank_first_name" time="0.107" classname="com.DeltaLoginUI"/>
  <testcase name="enter_invalid_password" time="0.059" classname="com.DeltaLoginUI"/>
  <testcase name="enter_invalid_email" time="0.051" classname="com.DeltaLoginUI"/>
  <testcase name="valid_password" time="0.106" classname="com.DeltaLoginUI"/>
  <testcase name="enter_invalid_lastname" time="0.042" classname="com.DeltaLoginUI"/>
  <testcase name="enter_invalid_username" time="0.070" classname="com.DeltaLoginUI"/>
  <testcase name="enter_invalid_username" time="0.069" classname="com.DeltaLoginUI"/>
  <testcase name="blank_username" time="0.089" classname="com.DeltaLoginUI"/>
  <testcase name="enter_invalid_confirm_password" time="0.060" classname="com.DeltaLoginUI"/>
  <testcase name="blank_lastname" time="0.102" classname="com.DeltaLoginUI"/>
  <testcase name="valid_email" time="0.091" classname="com.DeltaLoginUI"/>
  <testcase name="enter_invalid_password" time="0.042" classname="com.DeltaLoginUI"/>
  <testcase name="valid_first_name" time="0.064" classname="com.DeltaLoginUI"/>
  <testcase name="enter_invalid_lastname" time="0.073" classname="com.DeltaLoginUI"/>
  <testcase name="enter_invalid_contact_number" time="0.066" classname="com.DeltaLoginUI"/>
  <testcase name="blank_password" time="0.096" classname="com.DeltaLoginUI"/>
  <testcase name="enter_invalid_firstname" time="0.044" classname="com.DeltaLoginUI"/>
  <testcase name="blank_confirm_password" time="0.120" classname="com.DeltaLoginUI"/>
  <testcase name="valid_confirm_password" time="0.169" classname="com.DeltaLoginUI"/>
  <testcase name="enter_invalid_firstname" time="0.049" classname="com.DeltaLoginUI"/>
  <testcase name="enter_invalid_email" time="0.062" classname="com.DeltaLoginUI"/>
  <testcase name="enter_invalid_confirm_password" time="0.041" classname="com.DeltaLoginUI"/>
  <testcase name="valid_last_name" time="0.078" classname="com.DeltaLoginUI"/>
  <testcase name="create_user" time="1.553" classname="com.DeltaLoginUI"/>
</testsuite> <!-- com.DeltaLoginUI -->
