<?xml version="1.0" encoding="UTF-8"?>
<!-- Generated by org.testng.reporters.JUnitReportReporter -->
<testsuite skipped="0" hostname="DESKTOP-HEHLAT0" name="com.DeltaLoginUI" tests="27" failures="0" timestamp="28 Jun 2018 13:59:43 GMT" time="4.452" errors="0">
  <testcase name="blank_username" time="0.118" classname="com.DeltaLoginUI"/>
  <testcase name="valid_email" time="0.113" classname="com.DeltaLoginUI"/>
  <testcase name="enter_invalid_firstname" time="0.082" classname="com.DeltaLoginUI"/>
  <testcase name="enter_invalid_contact_number" time="0.142" classname="com.DeltaLoginUI"/>
  <testcase name="blank_first_name" time="0.162" classname="com.DeltaLoginUI"/>
  <testcase name="enter_invalid_lastname" time="0.101" classname="com.DeltaLoginUI"/>
  <testcase name="enter_invalid_password" time="0.085" classname="com.DeltaLoginUI"/>
  <testcase name="valid_first_name" time="0.091" classname="com.DeltaLoginUI"/>
  <testcase name="enter_invalid_email" time="0.076" classname="com.DeltaLoginUI"/>
  <testcase name="valid_last_name" time="0.100" classname="com.DeltaLoginUI"/>
  <testcase name="blank_email" time="0.127" classname="com.DeltaLoginUI"/>
  <testcase name="enter_invalid_confirm_password" time="0.066" classname="com.DeltaLoginUI"/>
  <testcase name="valid_confirm_password" time="0.120" classname="com.DeltaLoginUI"/>
  <testcase name="enter_invalid_lastname" time="0.090" classname="com.DeltaLoginUI"/>
  <testcase name="enter_invalid_confirm_password" time="0.073" classname="com.DeltaLoginUI"/>
  <testcase name="blank_confirm_password" time="0.138" classname="com.DeltaLoginUI"/>
  <testcase name="enter_invalid_firstname" time="0.062" classname="com.DeltaLoginUI"/>
  <testcase name="blank_password" time="0.131" classname="com.DeltaLoginUI"/>
  <testcase name="enter_invalid_username" time="0.075" classname="com.DeltaLoginUI"/>
  <testcase name="enter_invalid_username" time="0.073" classname="com.DeltaLoginUI"/>
  <testcase name="enter_invalid_password" time="0.074" classname="com.DeltaLoginUI"/>
  <testcase name="valid_password" time="0.112" classname="com.DeltaLoginUI"/>
  <testcase name="valid_username" time="0.178" classname="com.DeltaLoginUI"/>
  <testcase name="enter_invalid_email" time="0.077" classname="com.DeltaLoginUI"/>
  <testcase name="blank_lastname" time="0.134" classname="com.DeltaLoginUI"/>
  <testcase name="enter_invalid_contact_number" time="0.079" classname="com.DeltaLoginUI"/>
  <testcase name="create_user" time="1.773" classname="com.DeltaLoginUI"/>
</testsuite> <!-- com.DeltaLoginUI -->
