<?xml version="1.0" encoding="UTF-8"?>
<!-- Generated by org.testng.reporters.JUnitReportReporter -->
<testsuite skipped="0" hostname="DESKTOP-HEHLAT0" name="com.DeltaLoginUI" tests="24" failures="0" timestamp="28 Jun 2018 09:28:00 GMT" time="4.176" errors="0">
  <testcase name="enter_invalid_confirm_password" time="0.071" classname="com.DeltaLoginUI"/>
  <testcase name="enter_invalid_password" time="0.076" classname="com.DeltaLoginUI"/>
  <testcase name="valid_confirm_password" time="0.120" classname="com.DeltaLoginUI"/>
  <testcase name="blank_first_name" time="0.138" classname="com.DeltaLoginUI"/>
  <testcase name="enter_invalid_firstname" time="0.077" classname="com.DeltaLoginUI"/>
  <testcase name="enter_invalid_firstname" time="0.068" classname="com.DeltaLoginUI"/>
  <testcase name="enter_invalid_contact_number" time="0.080" classname="com.DeltaLoginUI"/>
  <testcase name="valid_last_name" time="0.075" classname="com.DeltaLoginUI"/>
  <testcase name="valid_email" time="0.111" classname="com.DeltaLoginUI"/>
  <testcase name="enter_invalid_confirm_password" time="0.116" classname="com.DeltaLoginUI"/>
  <testcase name="enter_invalid_lastname" time="0.072" classname="com.DeltaLoginUI"/>
  <testcase name="valid_first_name" time="0.090" classname="com.DeltaLoginUI"/>
  <testcase name="enter_invalid_username" time="0.152" classname="com.DeltaLoginUI"/>
  <testcase name="enter_invalid_username" time="0.083" classname="com.DeltaLoginUI"/>
  <testcase name="enter_invalid_contact_number" time="0.073" classname="com.DeltaLoginUI"/>
  <testcase name="blank_username" time="0.114" classname="com.DeltaLoginUI"/>
  <testcase name="enter_invalid_email" time="0.069" classname="com.DeltaLoginUI"/>
  <testcase name="valid_username" time="0.140" classname="com.DeltaLoginUI"/>
  <testcase name="valid_password" time="0.116" classname="com.DeltaLoginUI"/>
  <testcase name="enter_invalid_password" time="0.094" classname="com.DeltaLoginUI"/>
  <testcase name="enter_invalid_lastname" time="0.077" classname="com.DeltaLoginUI"/>
  <testcase name="blank_lastname" time="0.107" classname="com.DeltaLoginUI"/>
  <testcase name="enter_invalid_email" time="0.074" classname="com.DeltaLoginUI"/>
  <testcase name="create_user" time="1.983" classname="com.DeltaLoginUI"/>
</testsuite> <!-- com.DeltaLoginUI -->
